<?xml version="1.0" encoding="UTF-8"?>
<!-- Generated by org.testng.reporters.JUnitReportReporter -->
<testsuite hostname="LAPTOP-AK2LB4GI" failures="0" tests="20" name="TestScenarios.FlightSearch" time="13.154" errors="0" timestamp="2022-03-09T18:09:28 IST" skipped="0">
  <testcase classname="TestScenarios.FlightSearch" name="testcaseReadxl" time="0.082"/>
  <system-out/>
  <testcase classname="TestScenarios.FlightSearch" name="testcaseReadxl" time="2.561"/>
  <system-out/>
  <testcase classname="TestScenarios.FlightSearch" name="testOrigin" time="1.271"/>
  <system-out/>
  <testcase classname="TestScenarios.FlightSearch" name="testOrigin" time="0.868"/>
  <system-out/>
  <testcase classname="TestScenarios.FlightSearch" name="testDestination" time="1.028"/>
  <system-out/>
  <testcase classname="TestScenarios.FlightSearch" name="testDestination" time="1.800"/>
  <system-out/>
  <testcase classname="TestScenarios.FlightSearch" name="testDate" time="0.110"/>
  <system-out/>
  <testcase classname="TestScenarios.FlightSearch" name="testDate" time="0.155"/>
  <system-out/>
  <testcase classname="TestScenarios.FlightSearch" name="testClass" time="0.203"/>
  <system-out/>
  <testcase classname="TestScenarios.FlightSearch" name="testClass" time="0.489"/>
  <system-out/>
  <testcase classname="TestScenarios.FlightSearch" name="testSubmit" time="0.181"/>
  <system-out/>
  <testcase classname="TestScenarios.FlightSearch" name="testSubmit" time="0.263"/>
  <system-out/>
  <testcase classname="TestScenarios.FlightSearch" name="verifyDateCity" time="0.920"/>
  <system-out/>
  <testcase classname="TestScenarios.FlightSearch" name="verifyDateCity" time="0.685"/>
  <system-out/>
  <testcase classname="TestScenarios.FlightSearch" name="testCollectFlights" time="0.480"/>
  <system-out/>
  <testcase classname="TestScenarios.FlightSearch" name="testCollectFlights" time="0.565"/>
  <system-out/>
  <testcase classname="TestScenarios.FlightSearch" name="screenshot" time="0.341"/>
  <system-out/>
  <testcase classname="TestScenarios.FlightSearch" name="screenshot" time="0.216"/>
  <system-out/>
  <testcase classname="TestScenarios.FlightSearch" name="prodintoexcel" time="0.503"/>
  <system-out/>
  <testcase classname="TestScenarios.FlightSearch" name="prodintoexcel" time="0.433"/>
  <system-out/>
</testsuite> <!-- TestScenarios.FlightSearch -->
